[1;35mlet
[0m    [1;32mvar [0mN[1;35m := [0m[1;94m8[0m
    [1;32mtype [0mintArray[1;35m = [0marray[1;34m of [0m[1;30mint[0m
    [1;32mvar [0mrow[1;35m := [0mintArray [N] [1;34mof [0m[1;94m0[0m
    [1;32mvar [0mcol[1;35m := [0mintArray [N] [1;34mof [0m[1;94m0[0m
    [1;32mvar [0mdiag1[1;35m := [0mintArray [N [1;31m+[0m N [1;31m-[0m [1;94m1[0m] [1;34mof [0m[1;94m0[0m
    [1;32mvar [0mdiag2[1;35m := [0mintArray [N [1;31m+[0m N [1;31m-[0m [1;94m1[0m] [1;34mof [0m[1;94m0[0m
    [1;36mfunction [0m[1;33mprintboard[0m()[1;35m = 
[0m        (
        [1;34mfor [0mi[1;35m := [0m[1;94m0[0m[1;34m to [0mN [1;31m-[0m [1;94m1[0m
            [1;34mdo 
[0m                (
                [1;34mfor [0mj[1;35m := [0m[1;94m0[0m[1;34m to [0mN [1;31m-[0m [1;94m1[0m
                    [1;34mdo 
[0m                        print([1;34mif [0mcol[i] [1;31m=[0m j[1;34m then
[0m                            [91m O[0m
                        [1;34melse
[0m                            [91m .[0m); 
                print([91m\n[0m)
                ); 
        print([91m\n[0m)
        )

    [1;36mfunction [0m[1;33mtry[0m(c:[1;30mint[0m)[1;35m = 
[0m        (
        [1;34mif [0mc [1;31m=[0m N[1;34m then
[0m            printboard()
        [1;34melse
[0m            [1;34mfor [0mr[1;35m := [0m[1;94m0[0m[1;34m to [0mN [1;31m-[0m [1;94m1[0m
                [1;34mdo 
[0m                    [1;34mif [0mrow[r] [1;31m=[0m [1;94m0[0m [1;31m&[0m diag1[r [1;31m+[0m c] [1;31m=[0m [1;94m0[0m [1;31m&[0m diag2[r [1;31m+[0m [1;94m7[0m [1;31m-[0m c] [1;31m=[0m [1;94m0[0m[1;34m then
[0m                        (
                        row[r][1;35m := [0m[1;94m1[0m; 
                        diag1[r [1;31m+[0m c][1;35m := [0m[1;94m1[0m; 
                        diag2[r [1;31m+[0m [1;94m7[0m [1;31m-[0m c][1;35m := [0m[1;94m1[0m; 
                        col[c][1;35m := [0mr; 
                        try(c [1;31m+[0m [1;94m1[0m); 
                        row[r][1;35m := [0m[1;94m0[0m; 
                        diag1[r [1;31m+[0m c][1;35m := [0m[1;94m0[0m; 
                        diag2[r [1;31m+[0m [1;94m7[0m [1;31m-[0m c][1;35m := [0m[1;94m0[0m
                        )
        )
[1;35min
[0m    (
    try([1;94m0[0m)
    )
[1;35mend
[0m